[2019-02-21 10:58:03] Debug.INFO: Array [] []
[2019-02-21 10:58:57] Debug.INFO: {"csrf_cookie_name":"3dcb1f84711bdcfb6e2df207db2fff7c","ckCsrfToken":"ev2V5vLRg24GWvfdKZHFRDMPr68FHF9K1ciV9qW3","PHPSESSID":"uidq8e207p6cc0je8e690o6e66","ci_session":"ntsqsfeg890ja5dtc2720rcsi7018buh"} [] []
[2019-02-21 11:00:02] Debug.INFO: {"ckCsrfToken":"ev2V5vLRg24GWvfdKZHFRDMPr68FHF9K1ciV9qW3","PHPSESSID":"uidq8e207p6cc0je8e690o6e66","ci_session":"ntsqsfeg890ja5dtc2720rcsi7018buh","csrf_cookie_name":"79a0246cd85714885c8832594d304336"} [] []
[2019-02-21 11:00:46] Debug.INFO: {"ckCsrfToken":"ev2V5vLRg24GWvfdKZHFRDMPr68FHF9K1ciV9qW3","PHPSESSID":"uidq8e207p6cc0je8e690o6e66","ci_session":"ntsqsfeg890ja5dtc2720rcsi7018buh","csrf_cookie_name":"79a0246cd85714885c8832594d304336"} [] []
[2019-02-21 11:37:37] Debug.INFO: {"ckCsrfToken":"ev2V5vLRg24GWvfdKZHFRDMPr68FHF9K1ciV9qW3","PHPSESSID":"uidq8e207p6cc0je8e690o6e66","ci_session":"ntsqsfeg890ja5dtc2720rcsi7018buh","csrf_cookie_name":"60b279e1834147c2a794b36e72920a46"} [] []
[2019-02-21 11:41:20] Debug.INFO: {"ckCsrfToken":"ev2V5vLRg24GWvfdKZHFRDMPr68FHF9K1ciV9qW3","PHPSESSID":"uidq8e207p6cc0je8e690o6e66","csrf_cookie_name":"60b279e1834147c2a794b36e72920a46","ci_session":"icnii43evcesh2nrg3hioskqk2fm4d92"} [] []
[2019-02-21 11:41:23] Debug.INFO: {"ckCsrfToken":"ev2V5vLRg24GWvfdKZHFRDMPr68FHF9K1ciV9qW3","PHPSESSID":"uidq8e207p6cc0je8e690o6e66","csrf_cookie_name":"60b279e1834147c2a794b36e72920a46","ci_session":"icnii43evcesh2nrg3hioskqk2fm4d92"} [] []
[2019-02-21 11:45:25] Debug.INFO: {"ckCsrfToken":"ev2V5vLRg24GWvfdKZHFRDMPr68FHF9K1ciV9qW3","PHPSESSID":"uidq8e207p6cc0je8e690o6e66","csrf_cookie_name":"60b279e1834147c2a794b36e72920a46","ci_session":"icnii43evcesh2nrg3hioskqk2fm4d92"} [] []
[2019-02-21 11:46:31] Debug.INFO: {"ckCsrfToken":"ev2V5vLRg24GWvfdKZHFRDMPr68FHF9K1ciV9qW3","PHPSESSID":"uidq8e207p6cc0je8e690o6e66","csrf_cookie_name":"60b279e1834147c2a794b36e72920a46","ci_session":"0gn7igsuk5s82knu7le47jm5rpi8ntes"} [] []
[2019-02-21 11:46:46] Debug.INFO: {"ckCsrfToken":"ev2V5vLRg24GWvfdKZHFRDMPr68FHF9K1ciV9qW3","PHPSESSID":"uidq8e207p6cc0je8e690o6e66","csrf_cookie_name":"60b279e1834147c2a794b36e72920a46","ci_session":"0gn7igsuk5s82knu7le47jm5rpi8ntes"} [] []
[2019-02-21 11:48:04] Debug.INFO: {"ckCsrfToken":"ev2V5vLRg24GWvfdKZHFRDMPr68FHF9K1ciV9qW3","PHPSESSID":"uidq8e207p6cc0je8e690o6e66","csrf_cookie_name":"60b279e1834147c2a794b36e72920a46","ci_session":"0gn7igsuk5s82knu7le47jm5rpi8ntes"} [] []
[2019-02-21 11:50:01] Debug.INFO: {"ckCsrfToken":"ev2V5vLRg24GWvfdKZHFRDMPr68FHF9K1ciV9qW3","PHPSESSID":"uidq8e207p6cc0je8e690o6e66","csrf_cookie_name":"60b279e1834147c2a794b36e72920a46","ci_session":"0gn7igsuk5s82knu7le47jm5rpi8ntes"} [] []
[2019-02-21 11:50:31] Debug.INFO: {"ckCsrfToken":"ev2V5vLRg24GWvfdKZHFRDMPr68FHF9K1ciV9qW3","PHPSESSID":"uidq8e207p6cc0je8e690o6e66","ci_session":"0gn7igsuk5s82knu7le47jm5rpi8ntes","csrf_cookie_name":"4f40ff6592621d2cba6c6401951a2af8"} [] []
[2019-02-21 12:02:36] Debug.INFO: {"ckCsrfToken":"ev2V5vLRg24GWvfdKZHFRDMPr68FHF9K1ciV9qW3","PHPSESSID":"uidq8e207p6cc0je8e690o6e66","ci_session":"hvv3k2u594hs2q1inipifrfdk9q8vhrr","csrf_cookie_name":"f03076de5c1a0d1f794cb3a48d4f9cd1"} [] []
[2019-02-21 12:05:48] Debug.INFO: {"ckCsrfToken":"ev2V5vLRg24GWvfdKZHFRDMPr68FHF9K1ciV9qW3","PHPSESSID":"uidq8e207p6cc0je8e690o6e66","ci_session":"hvv3k2u594hs2q1inipifrfdk9q8vhrr","csrf_cookie_name":"f03076de5c1a0d1f794cb3a48d4f9cd1"} [] []
[2019-02-21 16:46:49] Debug.INFO: {"ci_session":"iuult8npinlgr3jdtl388srikc63h4ca","csrf_cookie_name":"6c1ab10a27109eb0a201573d12544016"} [] []
[2019-02-21 16:49:26] Debug.INFO: {"ci_session":"iuult8npinlgr3jdtl388srikc63h4ca","csrf_cookie_name":"6c1ab10a27109eb0a201573d12544016","ckCsrfToken":"v6oOoBKhy6pCW004f8m8MI3ptvliD2oJF4BMskjd"} [] []
[2019-02-21 16:49:29] Debug.INFO: {"ci_session":"iuult8npinlgr3jdtl388srikc63h4ca","csrf_cookie_name":"6c1ab10a27109eb0a201573d12544016","ckCsrfToken":"v6oOoBKhy6pCW004f8m8MI3ptvliD2oJF4BMskjd"} [] []
[2019-02-21 17:20:29] Debug.INFO: {"csrf_cookie_name":"6c1ab10a27109eb0a201573d12544016","ckCsrfToken":"v6oOoBKhy6pCW004f8m8MI3ptvliD2oJF4BMskjd","PHPSESSID":"h8g1p1gg2uqsbkcl9rkf361gu0","ci_session":"k1mcbbiq3dv1lhtdbr1n8b7232s4aroe"} [] []
[2019-02-21 17:22:06] Debug.INFO: {"ckCsrfToken":"v6oOoBKhy6pCW004f8m8MI3ptvliD2oJF4BMskjd","PHPSESSID":"h8g1p1gg2uqsbkcl9rkf361gu0","ci_session":"k1mcbbiq3dv1lhtdbr1n8b7232s4aroe","csrf_cookie_name":"1fbce16c957f0b83bc57df2b7755a1d0"} [] []
[2019-02-21 17:24:01] Debug.INFO: {"ckCsrfToken":"v6oOoBKhy6pCW004f8m8MI3ptvliD2oJF4BMskjd","PHPSESSID":"h8g1p1gg2uqsbkcl9rkf361gu0","ci_session":"9mjf4orvdtf57c4b2a2tqclp3ji7iooi","csrf_cookie_name":"8c3ae27cc3dbf739ba6b5cafef2f09b7"} [] []
[2019-02-21 17:25:45] Debug.INFO: {"ckCsrfToken":"v6oOoBKhy6pCW004f8m8MI3ptvliD2oJF4BMskjd","PHPSESSID":"h8g1p1gg2uqsbkcl9rkf361gu0","ci_session":"9mjf4orvdtf57c4b2a2tqclp3ji7iooi","csrf_cookie_name":"9063eaebd7cda5be5745c20d9a419c77"} [] []
[2019-02-21 17:25:53] Debug.INFO: {"ckCsrfToken":"v6oOoBKhy6pCW004f8m8MI3ptvliD2oJF4BMskjd","PHPSESSID":"h8g1p1gg2uqsbkcl9rkf361gu0","ci_session":"9mjf4orvdtf57c4b2a2tqclp3ji7iooi","csrf_cookie_name":"9063eaebd7cda5be5745c20d9a419c77"} [] []
[2019-02-21 17:33:56] Debug.INFO: {"ckCsrfToken":"v6oOoBKhy6pCW004f8m8MI3ptvliD2oJF4BMskjd","PHPSESSID":"h8g1p1gg2uqsbkcl9rkf361gu0","ci_session":"9mjf4orvdtf57c4b2a2tqclp3ji7iooi","csrf_cookie_name":"9063eaebd7cda5be5745c20d9a419c77"} [] []
[2019-02-21 17:34:49] Debug.INFO: {"ckCsrfToken":"v6oOoBKhy6pCW004f8m8MI3ptvliD2oJF4BMskjd","PHPSESSID":"h8g1p1gg2uqsbkcl9rkf361gu0","ci_session":"46lofalffgg02tt745nl6mv26mcur2nn","csrf_cookie_name":"feedd8623d10094c9b55361d44800a54"} [] []
