[2018-12-23 09:02:18 469223] Requests.INFO: ||=========== Logger Requests ===========|| [] []
[2018-12-23 09:02:18 499420] Requests.INFO: Method: GET [] []
[2018-12-23 09:02:18 499766] Requests.INFO: Request: 123 [] []
[2018-12-23 09:02:21 022909] Requests.INFO: Response: cURL Error: Could not resolve host: 123 [] []
[2018-12-23 09:02:21 023423] Requests.INFO: Request Header:  [] []
[2018-12-23 09:02:21 023754] Requests.INFO: Response Header:  [] []
[2018-12-23 09:35:06 877505] Requests.INFO: ||=========== Logger Requests ===========|| [] []
[2018-12-23 09:35:06 881379] Requests.INFO: Method: POST [] []
[2018-12-23 09:35:06 887072] Requests.INFO: Request: ApiPosts/createControllers/create 123 []
[2018-12-23 09:35:10 406628] Requests.INFO: Response: cURL Error: Could not resolve host: ApiPosts [] []
[2018-12-23 09:35:10 407065] Requests.INFO: Request Header:  [] []
[2018-12-23 09:35:10 407397] Requests.INFO: Response Header:  [] []
[2018-12-23 09:38:01 450232] Requests.INFO: ||=========== Logger Requests ===========|| [] []
[2018-12-23 09:38:01 452376] Requests.INFO: Method: POST [] []
[2018-12-23 09:38:01 452646] Requests.INFO: Request: ApiPosts/createControllers/create {"title":"123"} []
[2018-12-23 09:38:03 968317] Requests.INFO: Response: cURL Error: Could not resolve host: ApiPosts [] []
[2018-12-23 09:38:03 969306] Requests.INFO: Request Header:  [] []
[2018-12-23 09:38:03 969897] Requests.INFO: Response Header:  [] []
[2018-12-23 09:38:53 503304] Requests.INFO: ||=========== Logger Requests ===========|| [] []
[2018-12-23 09:38:53 505503] Requests.INFO: Method: POST [] []
[2018-12-23 09:38:53 505800] Requests.INFO: Request: ApiPosts/createControllers/create {"title":"123"} []
[2018-12-23 09:38:57 024799] Requests.INFO: Response: cURL Error: Could not resolve host: ApiPosts [] []
[2018-12-23 09:38:57 025566] Requests.INFO: Request Header:  [] []
[2018-12-23 09:38:57 026126] Requests.INFO: Response Header:  [] []
[2018-12-23 09:39:32 857950] Requests.INFO: ||=========== Logger Requests ===========|| [] []
[2018-12-23 09:39:32 860072] Requests.INFO: Method: POST [] []
[2018-12-23 09:39:32 860349] Requests.INFO: Request: ApiPosts/createControllers/create {"title":"123"} []
[2018-12-23 09:39:35 376824] Requests.INFO: Response: cURL Error: Could not resolve host: ApiPosts [] []
[2018-12-23 09:39:35 377949] Requests.INFO: Request Header:  [] []
[2018-12-23 09:39:35 378852] Requests.INFO: Response Header:  [] []
[2018-12-23 09:40:53 543294] Requests.INFO: ||=========== Logger Requests ===========|| [] []
[2018-12-23 09:40:53 545368] Requests.INFO: Method: POST [] []
[2018-12-23 09:40:53 545690] Requests.INFO: Request: ApiPosts/createControllers/create {"title":"123"} []
[2018-12-23 09:40:59 063737] Requests.INFO: Response: cURL Error: Could not resolve host: ApiPosts [] []
[2018-12-23 09:40:59 064508] Requests.INFO: Request Header:  [] []
[2018-12-23 09:40:59 065070] Requests.INFO: Response Header:  [] []
[2018-12-23 09:41:17 028006] Requests.INFO: ||=========== Logger Requests ===========|| [] []
[2018-12-23 09:41:17 030140] Requests.INFO: Method: POST [] []
[2018-12-23 09:41:17 030414] Requests.INFO: Request: ApiPosts/createControllers/create {"title":"123"} []
[2018-12-23 09:41:19 548369] Requests.INFO: Response: cURL Error: Could not resolve host: ApiPosts [] []
[2018-12-23 09:41:19 549141] Requests.INFO: Request Header:  [] []
[2018-12-23 09:41:19 549702] Requests.INFO: Response Header:  [] []
[2018-12-23 09:41:31 384899] Requests.INFO: ||=========== Logger Requests ===========|| [] []
[2018-12-23 09:41:31 387105] Requests.INFO: Method: POST [] []
[2018-12-23 09:41:31 387387] Requests.INFO: Request: ApiPosts/createControllers/create {"title":"123"} []
[2018-12-23 09:41:33 909017] Requests.INFO: Response: cURL Error: Could not resolve host: ApiPosts [] []
[2018-12-23 09:41:33 909872] Requests.INFO: Request Header:  [] []
[2018-12-23 09:41:33 910483] Requests.INFO: Response Header:  [] []
[2018-12-23 09:41:50 797767] Requests.INFO: ||=========== Logger Requests ===========|| [] []
[2018-12-23 09:41:50 800536] Requests.INFO: Method: POST [] []
[2018-12-23 09:41:50 800905] Requests.INFO: Request: ApiPosts/createControllers/create {"title":"123"} []
[2018-12-23 09:41:54 319022] Requests.INFO: Response: cURL Error: Could not resolve host: ApiPosts [] []
[2018-12-23 09:41:54 319803] Requests.INFO: Request Header:  [] []
[2018-12-23 09:41:54 320360] Requests.INFO: Response Header:  [] []
[2018-12-23 09:47:41 325308] Requests.INFO: ||=========== Logger Requests ===========|| [] []
[2018-12-23 09:47:41 327436] Requests.INFO: Method: POST [] []
[2018-12-23 09:47:41 327741] Requests.INFO: Request: ApiPosts/createControllers/create {"title":"123"} []
[2018-12-23 09:47:43 844665] Requests.INFO: Response: cURL Error: Could not resolve host: ApiPosts [] []
[2018-12-23 09:47:43 845426] Requests.INFO: Request Header:  [] []
[2018-12-23 09:47:43 845983] Requests.INFO: Response Header:  [] []
[2018-12-23 09:48:19 101241] Requests.INFO: ||=========== Logger Requests ===========|| [] []
[2018-12-23 09:48:19 105424] Requests.INFO: Method: POST [] []
[2018-12-23 09:48:19 105976] Requests.INFO: Request: apiposts/createcontrollers/create {"title":"123"} []
[2018-12-23 09:48:22 626710] Requests.INFO: Response: cURL Error: Could not resolve host: apiposts [] []
[2018-12-23 09:48:22 627485] Requests.INFO: Request Header:  [] []
[2018-12-23 09:48:22 628047] Requests.INFO: Response Header:  [] []
[2018-12-23 09:50:38 228323] Requests.INFO: ||=========== Logger Requests ===========|| [] []
[2018-12-23 09:50:38 230644] Requests.INFO: Method: POST [] []
[2018-12-23 09:50:38 230931] Requests.INFO: Request: ApiPosts/createcontrollers/create {"title":"123"} []
[2018-12-23 09:50:44 749897] Requests.INFO: Response: cURL Error: Could not resolve host: ApiPosts [] []
[2018-12-23 09:50:44 750653] Requests.INFO: Request Header:  [] []
[2018-12-23 09:50:44 751211] Requests.INFO: Response Header:  [] []
[2018-12-23 09:52:49 277909] Requests.INFO: ||=========== Logger Requests ===========|| [] []
[2018-12-23 09:52:49 280509] Requests.INFO: Method: POST [] []
[2018-12-23 09:52:49 280880] Requests.INFO: Request: ApiPosts/createControllers/create {"title":"123"} []
[2018-12-23 09:52:54 799912] Requests.INFO: Response: cURL Error: Could not resolve host: ApiPosts [] []
[2018-12-23 09:52:54 801007] Requests.INFO: Request Header:  [] []
[2018-12-23 09:52:54 802145] Requests.INFO: Response Header:  [] []
[2018-12-23 09:55:56 173753] Requests.INFO: ||=========== Logger Requests ===========|| [] []
[2018-12-23 09:55:56 175863] Requests.INFO: Method: POST [] []
[2018-12-23 09:55:56 176154] Requests.INFO: Request: http://vegitozenn.io/ApiPosts/createControllers/create {"title":"123"} []
[2018-12-23 09:55:56 252782] Requests.INFO: Response:  <div style="border:1px solid #990000;padding-left:20px;margin:0 0 10px 0;">  <h4>A PHP Error was encountered</h4>  <p>Severity: Notice</p> <p>Message:  Undefined index: params</p> <p>Filename: controllers/createControllers.php</p> <p>Line Number: 25</p>   	<p>Backtrace:</p> 	 		 	 		 	 		 			<p style="margin-left:10px"> 			File: C:\Setup\Xampp56\htdocs\Code-igniter-core\application\modules\ApiPosts\controllers\createControllers.php<br /> 			Line: 25<br /> 			Function: _error_handler			</p>  		 	 		 	 		 	 		 			<p style="margin-left:10px"> 			File: C:\Setup\Xampp56\htdocs\Code-igniter-core\index.php<br /> 			Line: 315<br /> 			Function: require_once			</p>  		 	  </div> [] []
[2018-12-23 09:55:56 253171] Requests.INFO: Request Header:  ["POST /ApiPosts/createControllers/create HTTP/1.1","Host: vegitozenn.io","User-Agent: PHP Curl/1.9 (+https://github.com/php-mod/curl)","Accept: */*","Accept-Encoding: utf-8","Content-Length: 9","Content-Type: application/x-www-form-urlencoded"] []
[2018-12-23 09:55:56 253476] Requests.INFO: Response Header:  ["HTTP/1.1 200 OK","Date: Sun, 23 Dec 2018 08:55:56 GMT","Server: Apache/2.4.34 (Win32) OpenSSL/1.0.2o PHP/5.6.37","X-Powered-By: PHP/5.6.37","Content-Length: 717","Content-Type: text/html; charset=UTF-8"] []
[2018-12-23 09:57:50 110641] Requests.INFO: ||=========== Logger Requests ===========|| [] []
[2018-12-23 09:57:50 113040] Requests.INFO: Method: POST [] []
[2018-12-23 09:57:50 113871] Requests.INFO: Request: http://vegitozenn.io/ApiPosts/createControllers/create {"params":{"title":"123"}} []
[2018-12-23 09:57:50 177053] Requests.INFO: Response:  [] []
[2018-12-23 09:57:50 177390] Requests.INFO: Request Header:  ["POST /ApiPosts/createControllers/create HTTP/1.1","Host: vegitozenn.io","User-Agent: PHP Curl/1.9 (+https://github.com/php-mod/curl)","Accept: */*","Accept-Encoding: utf-8","Content-Length: 21","Content-Type: application/x-www-form-urlencoded"] []
[2018-12-23 09:57:50 177736] Requests.INFO: Response Header:  ["HTTP/1.1 200 OK","Date: Sun, 23 Dec 2018 08:57:50 GMT","Server: Apache/2.4.34 (Win32) OpenSSL/1.0.2o PHP/5.6.37","X-Powered-By: PHP/5.6.37","Content-Length: 0","Content-Type: text/html; charset=UTF-8"] []
[2018-12-23 09:59:18 055279] Requests.INFO: ||=========== Logger Requests ===========|| [] []
[2018-12-23 09:59:18 057784] Requests.INFO: Method: POST [] []
[2018-12-23 09:59:18 058076] Requests.INFO: Request: http://vegitozenn.io/ApiPosts/createControllers/create {"params":{"title":"123"}} []
[2018-12-23 09:59:18 122158] Requests.INFO: Response: array(1) {   ["params"]=>   array(1) {     ["title"]=>     string(3) "123"   } }  [] []
[2018-12-23 09:59:18 122501] Requests.INFO: Request Header:  ["POST /ApiPosts/createControllers/create HTTP/1.1","Host: vegitozenn.io","User-Agent: PHP Curl/1.9 (+https://github.com/php-mod/curl)","Accept: */*","Accept-Encoding: utf-8","Content-Length: 21","Content-Type: application/x-www-form-urlencoded"] []
[2018-12-23 09:59:18 122798] Requests.INFO: Response Header:  ["HTTP/1.1 200 OK","Date: Sun, 23 Dec 2018 08:59:18 GMT","Server: Apache/2.4.34 (Win32) OpenSSL/1.0.2o PHP/5.6.37","X-Powered-By: PHP/5.6.37","Content-Length: 81","Content-Type: text/html; charset=UTF-8"] []
[2018-12-23 10:01:52 392200] Requests.INFO: ||=========== Logger Requests ===========|| [] []
[2018-12-23 10:01:52 394341] Requests.INFO: Method: POST [] []
[2018-12-23 10:01:52 394642] Requests.INFO: Request: http://vegitozenn.io/ApiPosts/createControllers/create {"params":{"title":"123"}} []
[2018-12-23 10:01:52 470304] Requests.INFO: Response:  [] []
[2018-12-23 10:01:52 470845] Requests.INFO: Request Header:  ["POST /ApiPosts/createControllers/create HTTP/1.1","Host: vegitozenn.io","User-Agent: PHP Curl/1.9 (+https://github.com/php-mod/curl)","Accept: */*","Accept-Encoding: utf-8","Content-Length: 21","Content-Type: application/x-www-form-urlencoded"] []
[2018-12-23 10:01:52 471352] Requests.INFO: Response Header:  ["HTTP/1.1 200 OK","Date: Sun, 23 Dec 2018 09:01:52 GMT","Server: Apache/2.4.34 (Win32) OpenSSL/1.0.2o PHP/5.6.37","X-Powered-By: PHP/5.6.37","Content-Length: 0","Content-Type: text/html; charset=UTF-8"] []
[2018-12-23 10:02:24 558411] Requests.INFO: ||=========== Logger Requests ===========|| [] []
[2018-12-23 10:02:24 560655] Requests.INFO: Method: POST [] []
[2018-12-23 10:02:24 560937] Requests.INFO: Request: http://vegitozenn.io/ApiPosts/createControllers/create {"params":{"title":"123"}} []
[2018-12-23 10:02:24 628127] Requests.INFO: Response:  <div style="border:1px solid #990000;padding-left:20px;margin:0 0 10px 0;">  <h4>A PHP Error was encountered</h4>  <p>Severity: Notice</p> <p>Message:  Array to string conversion</p> <p>Filename: controllers/createControllers.php</p> <p>Line Number: 26</p>   	<p>Backtrace:</p> 	 		 	 		 	 		 			<p style="margin-left:10px"> 			File: C:\Setup\Xampp56\htdocs\Code-igniter-core\application\modules\ApiPosts\controllers\createControllers.php<br /> 			Line: 26<br /> 			Function: _error_handler			</p>  		 	 		 	 		 	 		 			<p style="margin-left:10px"> 			File: C:\Setup\Xampp56\htdocs\Code-igniter-core\index.php<br /> 			Line: 315<br /> 			Function: require_once			</p>  		 	  </div>Array [] []
[2018-12-23 10:02:24 628512] Requests.INFO: Request Header:  ["POST /ApiPosts/createControllers/create HTTP/1.1","Host: vegitozenn.io","User-Agent: PHP Curl/1.9 (+https://github.com/php-mod/curl)","Accept: */*","Accept-Encoding: utf-8","Content-Length: 21","Content-Type: application/x-www-form-urlencoded"] []
[2018-12-23 10:02:24 628907] Requests.INFO: Response Header:  ["HTTP/1.1 200 OK","Date: Sun, 23 Dec 2018 09:02:24 GMT","Server: Apache/2.4.34 (Win32) OpenSSL/1.0.2o PHP/5.6.37","X-Powered-By: PHP/5.6.37","Content-Length: 725","Content-Type: text/html; charset=UTF-8"] []
[2018-12-23 10:02:47 549142] Requests.INFO: ||=========== Logger Requests ===========|| [] []
[2018-12-23 10:02:47 551602] Requests.INFO: Method: POST [] []
[2018-12-23 10:02:47 551880] Requests.INFO: Request: http://vegitozenn.io/ApiPosts/createControllers/create {"params":{"title":"123"}} []
[2018-12-23 10:02:47 632769] Requests.INFO: Response: Array (     [title] => 123 )  [] []
[2018-12-23 10:02:47 633121] Requests.INFO: Request Header:  ["POST /ApiPosts/createControllers/create HTTP/1.1","Host: vegitozenn.io","User-Agent: PHP Curl/1.9 (+https://github.com/php-mod/curl)","Accept: */*","Accept-Encoding: utf-8","Content-Length: 21","Content-Type: application/x-www-form-urlencoded"] []
[2018-12-23 10:02:47 633424] Requests.INFO: Response Header:  ["HTTP/1.1 200 OK","Date: Sun, 23 Dec 2018 09:02:47 GMT","Server: Apache/2.4.34 (Win32) OpenSSL/1.0.2o PHP/5.6.37","X-Powered-By: PHP/5.6.37","Content-Length: 29","Content-Type: text/html; charset=UTF-8"] []
[2018-12-23 10:04:05 799651] Requests.INFO: ||=========== Logger Requests ===========|| [] []
[2018-12-23 10:04:05 802800] Requests.INFO: Method: POST [] []
[2018-12-23 10:04:05 803114] Requests.INFO: Request: http://vegitozenn.io/ApiPosts/createControllers/create {"params":"{\"title\":\"123\"}"} []
[2018-12-23 10:04:05 898794] Requests.INFO: Response:  [] []
[2018-12-23 10:04:05 899287] Requests.INFO: Request Header:  ["POST /ApiPosts/createControllers/create HTTP/1.1","Host: vegitozenn.io","User-Agent: PHP Curl/1.9 (+https://github.com/php-mod/curl)","Accept: */*","Accept-Encoding: utf-8","Content-Length: 36","Content-Type: application/x-www-form-urlencoded"] []
[2018-12-23 10:04:05 899780] Requests.INFO: Response Header:  ["HTTP/1.1 200 OK","Date: Sun, 23 Dec 2018 09:04:05 GMT","Server: Apache/2.4.34 (Win32) OpenSSL/1.0.2o PHP/5.6.37","X-Powered-By: PHP/5.6.37","Content-Length: 0","Content-Type: text/html; charset=UTF-8"] []
[2018-12-23 10:04:17 200001] Requests.INFO: ||=========== Logger Requests ===========|| [] []
[2018-12-23 10:04:17 202573] Requests.INFO: Method: POST [] []
[2018-12-23 10:04:17 202858] Requests.INFO: Request: http://vegitozenn.io/ApiPosts/createControllers/create {"params":"{\"title\":\"123\"}"} []
[2018-12-23 10:04:17 289402] Requests.INFO: Response:  [] []
[2018-12-23 10:04:17 289906] Requests.INFO: Request Header:  ["POST /ApiPosts/createControllers/create HTTP/1.1","Host: vegitozenn.io","User-Agent: PHP Curl/1.9 (+https://github.com/php-mod/curl)","Accept: */*","Accept-Encoding: utf-8","Content-Length: 36","Content-Type: application/x-www-form-urlencoded"] []
[2018-12-23 10:04:17 290381] Requests.INFO: Response Header:  ["HTTP/1.1 200 OK","Date: Sun, 23 Dec 2018 09:04:17 GMT","Server: Apache/2.4.34 (Win32) OpenSSL/1.0.2o PHP/5.6.37","X-Powered-By: PHP/5.6.37","Content-Length: 0","Content-Type: text/html; charset=UTF-8"] []
[2018-12-23 10:05:31 507826] Requests.INFO: ||=========== Logger Requests ===========|| [] []
[2018-12-23 10:05:31 509917] Requests.INFO: Method: POST [] []
[2018-12-23 10:05:31 510188] Requests.INFO: Request: http://vegitozenn.io/ApiPosts/createControllers/create {"params":"{\"title\":\"123\"}"} []
[2018-12-23 10:05:31 574775] Requests.INFO: Response: array(1) {   ["title"]=>   string(3) "123" }  [] []
[2018-12-23 10:05:31 575117] Requests.INFO: Request Header:  ["POST /ApiPosts/createControllers/create HTTP/1.1","Host: vegitozenn.io","User-Agent: PHP Curl/1.9 (+https://github.com/php-mod/curl)","Accept: */*","Accept-Encoding: utf-8","Content-Length: 36","Content-Type: application/x-www-form-urlencoded"] []
[2018-12-23 10:05:31 575511] Requests.INFO: Response Header:  ["HTTP/1.1 200 OK","Date: Sun, 23 Dec 2018 09:05:31 GMT","Server: Apache/2.4.34 (Win32) OpenSSL/1.0.2o PHP/5.6.37","X-Powered-By: PHP/5.6.37","Content-Length: 45","Content-Type: text/html; charset=UTF-8"] []
[2018-12-23 10:10:01 319446] Requests.INFO: ||=========== Logger Requests ===========|| [] []
[2018-12-23 10:10:01 321999] Requests.INFO: Method: POST [] []
[2018-12-23 10:10:01 322305] Requests.INFO: Request: http://vegitozenn.io/ApiPosts/createControllers/create {"params":"{\"title\" : \"123\"}"} []
[2018-12-23 10:10:01 407420] Requests.INFO: Response: array(1) {   ["title"]=>   string(3) "123" }  [] []
[2018-12-23 10:10:01 407773] Requests.INFO: Request Header:  ["POST /ApiPosts/createControllers/create HTTP/1.1","Host: vegitozenn.io","User-Agent: PHP Curl/1.9 (+https://github.com/php-mod/curl)","Accept: */*","Accept-Encoding: utf-8","Content-Length: 38","Content-Type: application/x-www-form-urlencoded"] []
[2018-12-23 10:10:01 408071] Requests.INFO: Response Header:  ["HTTP/1.1 200 OK","Date: Sun, 23 Dec 2018 09:10:01 GMT","Server: Apache/2.4.34 (Win32) OpenSSL/1.0.2o PHP/5.6.37","X-Powered-By: PHP/5.6.37","Content-Length: 45","Content-Type: text/html; charset=UTF-8"] []
[2018-12-23 10:10:38 486512] Requests.INFO: ||=========== Logger Requests ===========|| [] []
[2018-12-23 10:10:38 489946] Requests.INFO: Method: POST [] []
[2018-12-23 10:10:38 490629] Requests.INFO: Request: http://vegitozenn.io/ApiPosts/createControllers/create {"params":"{\"title\" : \"123\"}"} []
[2018-12-23 10:10:38 576378] Requests.INFO: Response:  [] []
[2018-12-23 10:10:38 576892] Requests.INFO: Request Header:  ["POST /ApiPosts/createControllers/create HTTP/1.1","Host: vegitozenn.io","User-Agent: PHP Curl/1.9 (+https://github.com/php-mod/curl)","Accept: */*","Accept-Encoding: utf-8","Content-Length: 38","Content-Type: application/x-www-form-urlencoded"] []
[2018-12-23 10:10:38 577542] Requests.INFO: Response Header:  ["HTTP/1.1 200 OK","Date: Sun, 23 Dec 2018 09:10:38 GMT","Server: Apache/2.4.34 (Win32) OpenSSL/1.0.2o PHP/5.6.37","X-Powered-By: PHP/5.6.37","Content-Length: 0","Content-Type: text/html; charset=UTF-8"] []
[2018-12-23 10:11:26 648580] Requests.INFO: ||=========== Logger Requests ===========|| [] []
[2018-12-23 10:11:26 651090] Requests.INFO: Method: POST [] []
[2018-12-23 10:11:26 651397] Requests.INFO: Request: http://vegitozenn.io/ApiPosts/createControllers/create {"params":"{\"title\" : \"123\"}"} []
[2018-12-23 10:11:26 736998] Requests.INFO: Response:  [] []
[2018-12-23 10:11:26 737445] Requests.INFO: Request Header:  ["POST /ApiPosts/createControllers/create HTTP/1.1","Host: vegitozenn.io","User-Agent: PHP Curl/1.9 (+https://github.com/php-mod/curl)","Accept: */*","Accept-Encoding: utf-8","Content-Length: 38","Content-Type: application/x-www-form-urlencoded"] []
[2018-12-23 10:11:26 737763] Requests.INFO: Response Header:  ["HTTP/1.1 200 OK","Date: Sun, 23 Dec 2018 09:11:26 GMT","Server: Apache/2.4.34 (Win32) OpenSSL/1.0.2o PHP/5.6.37","X-Powered-By: PHP/5.6.37","Content-Length: 0","Content-Type: text/html; charset=UTF-8"] []
[2018-12-23 10:11:46 213581] Requests.INFO: ||=========== Logger Requests ===========|| [] []
[2018-12-23 10:11:46 215801] Requests.INFO: Method: POST [] []
[2018-12-23 10:11:46 216085] Requests.INFO: Request: http://vegitozenn.io/ApiPosts/createControllers/create {"params":"{\"title\" : \"123\"}"} []
[2018-12-23 10:11:46 303858] Requests.INFO: Response:  [] []
[2018-12-23 10:11:46 304347] Requests.INFO: Request Header:  ["POST /ApiPosts/createControllers/create HTTP/1.1","Host: vegitozenn.io","User-Agent: PHP Curl/1.9 (+https://github.com/php-mod/curl)","Accept: */*","Accept-Encoding: utf-8","Content-Length: 38","Content-Type: application/x-www-form-urlencoded"] []
[2018-12-23 10:11:46 304952] Requests.INFO: Response Header:  ["HTTP/1.1 200 OK","Date: Sun, 23 Dec 2018 09:11:46 GMT","Server: Apache/2.4.34 (Win32) OpenSSL/1.0.2o PHP/5.6.37","X-Powered-By: PHP/5.6.37","Content-Length: 0","Content-Type: text/html; charset=UTF-8"] []
[2018-12-23 10:11:58 368463] Requests.INFO: ||=========== Logger Requests ===========|| [] []
[2018-12-23 10:11:58 370815] Requests.INFO: Method: POST [] []
[2018-12-23 10:11:58 371138] Requests.INFO: Request: http://vegitozenn.io/ApiPosts/createControllers/create {"params":"{\"title\" : \"123\"}"} []
[2018-12-23 10:11:58 468682] Requests.INFO: Response:  [] []
[2018-12-23 10:11:58 469226] Requests.INFO: Request Header:  ["POST /ApiPosts/createControllers/create HTTP/1.1","Host: vegitozenn.io","User-Agent: PHP Curl/1.9 (+https://github.com/php-mod/curl)","Accept: */*","Accept-Encoding: utf-8","Content-Length: 38","Content-Type: application/x-www-form-urlencoded"] []
[2018-12-23 10:11:58 469753] Requests.INFO: Response Header:  ["HTTP/1.1 200 OK","Date: Sun, 23 Dec 2018 09:11:58 GMT","Server: Apache/2.4.34 (Win32) OpenSSL/1.0.2o PHP/5.6.37","X-Powered-By: PHP/5.6.37","Content-Length: 0","Content-Type: text/html; charset=UTF-8"] []
[2018-12-23 10:12:10 593563] Requests.INFO: ||=========== Logger Requests ===========|| [] []
[2018-12-23 10:12:10 595624] Requests.INFO: Method: POST [] []
[2018-12-23 10:12:10 595895] Requests.INFO: Request: http://vegitozenn.io/ApiPosts/createControllers/create {"params":"{\"title\" : \"123\"}"} []
[2018-12-23 10:12:10 660239] Requests.INFO: Response:  [] []
[2018-12-23 10:12:10 660575] Requests.INFO: Request Header:  ["POST /ApiPosts/createControllers/create HTTP/1.1","Host: vegitozenn.io","User-Agent: PHP Curl/1.9 (+https://github.com/php-mod/curl)","Accept: */*","Accept-Encoding: utf-8","Content-Length: 38","Content-Type: application/x-www-form-urlencoded"] []
[2018-12-23 10:12:10 660882] Requests.INFO: Response Header:  ["HTTP/1.1 200 OK","Date: Sun, 23 Dec 2018 09:12:10 GMT","Server: Apache/2.4.34 (Win32) OpenSSL/1.0.2o PHP/5.6.37","X-Powered-By: PHP/5.6.37","Content-Length: 0","Content-Type: text/html; charset=UTF-8"] []
[2018-12-23 10:12:20 464653] Requests.INFO: ||=========== Logger Requests ===========|| [] []
[2018-12-23 10:12:20 466859] Requests.INFO: Method: POST [] []
[2018-12-23 10:12:20 467131] Requests.INFO: Request: http://vegitozenn.io/ApiPosts/createControllers/create {"params":"{\"title\" : \"123\"}"} []
[2018-12-23 10:12:20 548435] Requests.INFO: Response: int(123)  [] []
[2018-12-23 10:12:20 548876] Requests.INFO: Request Header:  ["POST /ApiPosts/createControllers/create HTTP/1.1","Host: vegitozenn.io","User-Agent: PHP Curl/1.9 (+https://github.com/php-mod/curl)","Accept: */*","Accept-Encoding: utf-8","Content-Length: 38","Content-Type: application/x-www-form-urlencoded"] []
[2018-12-23 10:12:20 549188] Requests.INFO: Response Header:  ["HTTP/1.1 200 OK","Date: Sun, 23 Dec 2018 09:12:20 GMT","Server: Apache/2.4.34 (Win32) OpenSSL/1.0.2o PHP/5.6.37","X-Powered-By: PHP/5.6.37","Content-Length: 9","Content-Type: text/html; charset=UTF-8"] []
[2018-12-23 10:19:25 017889] Requests.INFO: ||=========== Logger Requests ===========|| [] []
[2018-12-23 10:19:25 020551] Requests.INFO: Method: POST [] []
[2018-12-23 10:19:25 021023] Requests.INFO: Request: http://vegitozenn.io/ApiPosts/createControllers/create {"params":"{\"title\" : \"123\"}"} []
[2018-12-23 10:19:25 088979] Requests.INFO: Response: {"result":1,"desc":"success!"} [] []
[2018-12-23 10:19:25 089333] Requests.INFO: Request Header:  ["POST /ApiPosts/createControllers/create HTTP/1.1","Host: vegitozenn.io","User-Agent: PHP Curl/1.9 (+https://github.com/php-mod/curl)","Accept: */*","Accept-Encoding: utf-8","Content-Length: 38","Content-Type: application/x-www-form-urlencoded"] []
[2018-12-23 10:19:25 089644] Requests.INFO: Response Header:  ["HTTP/1.1 200 OK","Date: Sun, 23 Dec 2018 09:19:25 GMT","Server: Apache/2.4.34 (Win32) OpenSSL/1.0.2o PHP/5.6.37","X-Powered-By: PHP/5.6.37","Content-Length: 30","Content-Type: application/json; charset=UTF-8"] []
