[2018-12-23 09:02:21 034608] sendRequest.INFO: ||=========== Logger Requests ===========|| [] []
[2018-12-23 09:02:21 041837] sendRequest.INFO: Method: GET [] []
[2018-12-23 09:02:21 042448] sendRequest.INFO: Request: 123 [] []
[2018-12-23 09:02:21 042961] sendRequest.INFO: Response: cURL Error: Could not resolve host: 123 [] []
[2018-12-23 09:35:10 416739] sendRequest.INFO: ||=========== Logger Requests ===========|| [] []
[2018-12-23 09:35:10 418755] sendRequest.INFO: Method: POST [] []
[2018-12-23 09:35:10 422472] sendRequest.INFO: Request: ApiPosts/createControllers/create 123 []
[2018-12-23 09:35:10 426237] sendRequest.INFO: Response: cURL Error: Could not resolve host: ApiPosts [] []
[2018-12-23 09:38:03 984261] sendRequest.INFO: ||=========== Logger Requests ===========|| [] []
[2018-12-23 09:38:03 986487] sendRequest.INFO: Method: POST [] []
[2018-12-23 09:38:03 986854] sendRequest.INFO: Request: ApiPosts/createControllers/create {"title":"123"} []
[2018-12-23 09:38:03 987219] sendRequest.INFO: Response: cURL Error: Could not resolve host: ApiPosts [] []
[2018-12-23 09:38:57 042066] sendRequest.INFO: ||=========== Logger Requests ===========|| [] []
[2018-12-23 09:38:57 045567] sendRequest.INFO: Method: POST [] []
[2018-12-23 09:38:57 046162] sendRequest.INFO: Request: ApiPosts/createControllers/create {"title":"123"} []
[2018-12-23 09:38:57 046741] sendRequest.INFO: Response: cURL Error: Could not resolve host: ApiPosts [] []
[2018-12-23 09:39:35 398144] sendRequest.INFO: ||=========== Logger Requests ===========|| [] []
[2018-12-23 09:39:35 401294] sendRequest.INFO: Method: POST [] []
[2018-12-23 09:39:35 401695] sendRequest.INFO: Request: ApiPosts/createControllers/create {"title":"123"} []
[2018-12-23 09:39:35 402022] sendRequest.INFO: Response: cURL Error: Could not resolve host: ApiPosts [] []
[2018-12-23 09:40:59 081490] sendRequest.INFO: ||=========== Logger Requests ===========|| [] []
[2018-12-23 09:40:59 085213] sendRequest.INFO: Method: POST [] []
[2018-12-23 09:40:59 085832] sendRequest.INFO: Request: ApiPosts/createControllers/create {"title":"123"} []
[2018-12-23 09:40:59 086433] sendRequest.INFO: Response: cURL Error: Could not resolve host: ApiPosts [] []
[2018-12-23 09:41:19 566203] sendRequest.INFO: ||=========== Logger Requests ===========|| [] []
[2018-12-23 09:41:19 569749] sendRequest.INFO: Method: POST [] []
[2018-12-23 09:41:19 570362] sendRequest.INFO: Request: ApiPosts/createControllers/create {"title":"123"} []
[2018-12-23 09:41:19 570935] sendRequest.INFO: Response: cURL Error: Could not resolve host: ApiPosts [] []
[2018-12-23 09:41:33 925063] sendRequest.INFO: ||=========== Logger Requests ===========|| [] []
[2018-12-23 09:41:33 926697] sendRequest.INFO: Method: POST [] []
[2018-12-23 09:41:33 926969] sendRequest.INFO: Request: ApiPosts/createControllers/create {"title":"123"} []
[2018-12-23 09:41:33 927227] sendRequest.INFO: Response: cURL Error: Could not resolve host: ApiPosts [] []
[2018-12-23 09:41:54 337467] sendRequest.INFO: ||=========== Logger Requests ===========|| [] []
[2018-12-23 09:41:54 341191] sendRequest.INFO: Method: POST [] []
[2018-12-23 09:41:54 341888] sendRequest.INFO: Request: ApiPosts/createControllers/create {"title":"123"} []
[2018-12-23 09:41:54 342526] sendRequest.INFO: Response: cURL Error: Could not resolve host: ApiPosts [] []
[2018-12-23 09:47:43 865621] sendRequest.INFO: ||=========== Logger Requests ===========|| [] []
[2018-12-23 09:47:43 869170] sendRequest.INFO: Method: POST [] []
[2018-12-23 09:47:43 869819] sendRequest.INFO: Request: ApiPosts/createControllers/create {"title":"123"} []
[2018-12-23 09:47:43 870454] sendRequest.INFO: Response: cURL Error: Could not resolve host: ApiPosts [] []
[2018-12-23 09:48:22 645455] sendRequest.INFO: ||=========== Logger Requests ===========|| [] []
[2018-12-23 09:48:22 649429] sendRequest.INFO: Method: POST [] []
[2018-12-23 09:48:22 650065] sendRequest.INFO: Request: apiposts/createcontrollers/create {"title":"123"} []
[2018-12-23 09:48:22 650641] sendRequest.INFO: Response: cURL Error: Could not resolve host: apiposts [] []
[2018-12-23 09:50:44 771658] sendRequest.INFO: ||=========== Logger Requests ===========|| [] []
[2018-12-23 09:50:44 775431] sendRequest.INFO: Method: POST [] []
[2018-12-23 09:50:44 776050] sendRequest.INFO: Request: ApiPosts/createcontrollers/create {"title":"123"} []
[2018-12-23 09:50:44 776635] sendRequest.INFO: Response: cURL Error: Could not resolve host: ApiPosts [] []
[2018-12-23 09:52:54 820596] sendRequest.INFO: ||=========== Logger Requests ===========|| [] []
[2018-12-23 09:52:54 824284] sendRequest.INFO: Method: POST [] []
[2018-12-23 09:52:54 824894] sendRequest.INFO: Request: ApiPosts/createControllers/create {"title":"123"} []
[2018-12-23 09:52:54 825466] sendRequest.INFO: Response: cURL Error: Could not resolve host: ApiPosts [] []
[2018-12-23 09:55:56 263957] sendRequest.INFO: ||=========== Logger Requests ===========|| [] []
[2018-12-23 09:55:56 266247] sendRequest.INFO: Method: POST [] []
[2018-12-23 09:55:56 266720] sendRequest.INFO: Request: http://vegitozenn.io/ApiPosts/createControllers/create {"title":"123"} []
[2018-12-23 09:55:56 267115] sendRequest.INFO: Response:  <div style="border:1px solid #990000;padding-left:20px;margin:0 0 10px 0;">  <h4>A PHP Error was encountered</h4>  <p>Severity: Notice</p> <p>Message:  Undefined index: params</p> <p>Filename: controllers/createControllers.php</p> <p>Line Number: 25</p>   	<p>Backtrace:</p> 	 		 	 		 	 		 			<p style="margin-left:10px"> 			File: C:\Setup\Xampp56\htdocs\Code-igniter-core\application\modules\ApiPosts\controllers\createControllers.php<br /> 			Line: 25<br /> 			Function: _error_handler			</p>  		 	 		 	 		 	 		 			<p style="margin-left:10px"> 			File: C:\Setup\Xampp56\htdocs\Code-igniter-core\index.php<br /> 			Line: 315<br /> 			Function: require_once			</p>  		 	  </div> [] []
[2018-12-23 09:57:50 188005] sendRequest.INFO: ||=========== Logger Requests ===========|| [] []
[2018-12-23 09:57:50 189652] sendRequest.INFO: Method: POST [] []
[2018-12-23 09:57:50 189924] sendRequest.INFO: Request: http://vegitozenn.io/ApiPosts/createControllers/create {"params":{"title":"123"}} []
[2018-12-23 09:57:50 190197] sendRequest.INFO: Response:  [] []
[2018-12-23 09:59:18 132785] sendRequest.INFO: ||=========== Logger Requests ===========|| [] []
[2018-12-23 09:59:18 134752] sendRequest.INFO: Method: POST [] []
[2018-12-23 09:59:18 135061] sendRequest.INFO: Request: http://vegitozenn.io/ApiPosts/createControllers/create {"params":{"title":"123"}} []
[2018-12-23 09:59:18 135338] sendRequest.INFO: Response: array(1) {   ["params"]=>   array(1) {     ["title"]=>     string(3) "123"   } }  [] []
[2018-12-23 10:01:52 489255] sendRequest.INFO: ||=========== Logger Requests ===========|| [] []
[2018-12-23 10:01:52 491025] sendRequest.INFO: Method: POST [] []
[2018-12-23 10:01:52 491313] sendRequest.INFO: Request: http://vegitozenn.io/ApiPosts/createControllers/create {"params":{"title":"123"}} []
[2018-12-23 10:01:52 491588] sendRequest.INFO: Response:  [] []
[2018-12-23 10:02:24 639714] sendRequest.INFO: ||=========== Logger Requests ===========|| [] []
[2018-12-23 10:02:24 641405] sendRequest.INFO: Method: POST [] []
[2018-12-23 10:02:24 641674] sendRequest.INFO: Request: http://vegitozenn.io/ApiPosts/createControllers/create {"params":{"title":"123"}} []
[2018-12-23 10:02:24 641940] sendRequest.INFO: Response:  <div style="border:1px solid #990000;padding-left:20px;margin:0 0 10px 0;">  <h4>A PHP Error was encountered</h4>  <p>Severity: Notice</p> <p>Message:  Array to string conversion</p> <p>Filename: controllers/createControllers.php</p> <p>Line Number: 26</p>   	<p>Backtrace:</p> 	 		 	 		 	 		 			<p style="margin-left:10px"> 			File: C:\Setup\Xampp56\htdocs\Code-igniter-core\application\modules\ApiPosts\controllers\createControllers.php<br /> 			Line: 26<br /> 			Function: _error_handler			</p>  		 	 		 	 		 	 		 			<p style="margin-left:10px"> 			File: C:\Setup\Xampp56\htdocs\Code-igniter-core\index.php<br /> 			Line: 315<br /> 			Function: require_once			</p>  		 	  </div>Array [] []
[2018-12-23 10:02:47 643894] sendRequest.INFO: ||=========== Logger Requests ===========|| [] []
[2018-12-23 10:02:47 646092] sendRequest.INFO: Method: POST [] []
[2018-12-23 10:02:47 646415] sendRequest.INFO: Request: http://vegitozenn.io/ApiPosts/createControllers/create {"params":{"title":"123"}} []
[2018-12-23 10:02:47 646695] sendRequest.INFO: Response: Array (     [title] => 123 )  [] []
[2018-12-23 10:04:05 921011] sendRequest.INFO: ||=========== Logger Requests ===========|| [] []
[2018-12-23 10:04:05 922682] sendRequest.INFO: Method: POST [] []
[2018-12-23 10:04:05 922954] sendRequest.INFO: Request: http://vegitozenn.io/ApiPosts/createControllers/create {"params":"{\"title\":\"123\"}"} []
[2018-12-23 10:04:05 923212] sendRequest.INFO: Response:  [] []
[2018-12-23 10:04:17 306004] sendRequest.INFO: ||=========== Logger Requests ===========|| [] []
[2018-12-23 10:04:17 308236] sendRequest.INFO: Method: POST [] []
[2018-12-23 10:04:17 308697] sendRequest.INFO: Request: http://vegitozenn.io/ApiPosts/createControllers/create {"params":"{\"title\":\"123\"}"} []
[2018-12-23 10:04:17 309113] sendRequest.INFO: Response:  [] []
[2018-12-23 10:05:31 585328] sendRequest.INFO: ||=========== Logger Requests ===========|| [] []
[2018-12-23 10:05:31 586910] sendRequest.INFO: Method: POST [] []
[2018-12-23 10:05:31 587190] sendRequest.INFO: Request: http://vegitozenn.io/ApiPosts/createControllers/create {"params":"{\"title\":\"123\"}"} []
[2018-12-23 10:05:31 587451] sendRequest.INFO: Response: array(1) {   ["title"]=>   string(3) "123" }  [] []
[2018-12-23 10:10:01 418364] sendRequest.INFO: ||=========== Logger Requests ===========|| [] []
[2018-12-23 10:10:01 420013] sendRequest.INFO: Method: POST [] []
[2018-12-23 10:10:01 420313] sendRequest.INFO: Request: http://vegitozenn.io/ApiPosts/createControllers/create {"params":"{\"title\" : \"123\"}"} []
[2018-12-23 10:10:01 420587] sendRequest.INFO: Response: array(1) {   ["title"]=>   string(3) "123" }  [] []
[2018-12-23 10:10:38 597079] sendRequest.INFO: ||=========== Logger Requests ===========|| [] []
[2018-12-23 10:10:38 598716] sendRequest.INFO: Method: POST [] []
[2018-12-23 10:10:38 598988] sendRequest.INFO: Request: http://vegitozenn.io/ApiPosts/createControllers/create {"params":"{\"title\" : \"123\"}"} []
[2018-12-23 10:10:38 599254] sendRequest.INFO: Response:  [] []
[2018-12-23 10:11:26 757076] sendRequest.INFO: ||=========== Logger Requests ===========|| [] []
[2018-12-23 10:11:26 759418] sendRequest.INFO: Method: POST [] []
[2018-12-23 10:11:26 759834] sendRequest.INFO: Request: http://vegitozenn.io/ApiPosts/createControllers/create {"params":"{\"title\" : \"123\"}"} []
[2018-12-23 10:11:26 760224] sendRequest.INFO: Response:  [] []
[2018-12-23 10:11:46 321176] sendRequest.INFO: ||=========== Logger Requests ===========|| [] []
[2018-12-23 10:11:46 323131] sendRequest.INFO: Method: POST [] []
[2018-12-23 10:11:46 323528] sendRequest.INFO: Request: http://vegitozenn.io/ApiPosts/createControllers/create {"params":"{\"title\" : \"123\"}"} []
[2018-12-23 10:11:46 323902] sendRequest.INFO: Response:  [] []
[2018-12-23 10:11:58 482873] sendRequest.INFO: ||=========== Logger Requests ===========|| [] []
[2018-12-23 10:11:58 485219] sendRequest.INFO: Method: POST [] []
[2018-12-23 10:11:58 485670] sendRequest.INFO: Request: http://vegitozenn.io/ApiPosts/createControllers/create {"params":"{\"title\" : \"123\"}"} []
[2018-12-23 10:11:58 486089] sendRequest.INFO: Response:  [] []
[2018-12-23 10:12:10 672525] sendRequest.INFO: ||=========== Logger Requests ===========|| [] []
[2018-12-23 10:12:10 674216] sendRequest.INFO: Method: POST [] []
[2018-12-23 10:12:10 674490] sendRequest.INFO: Request: http://vegitozenn.io/ApiPosts/createControllers/create {"params":"{\"title\" : \"123\"}"} []
[2018-12-23 10:12:10 674765] sendRequest.INFO: Response:  [] []
[2018-12-23 10:12:20 561418] sendRequest.INFO: ||=========== Logger Requests ===========|| [] []
[2018-12-23 10:12:20 563376] sendRequest.INFO: Method: POST [] []
[2018-12-23 10:12:20 563678] sendRequest.INFO: Request: http://vegitozenn.io/ApiPosts/createControllers/create {"params":"{\"title\" : \"123\"}"} []
[2018-12-23 10:12:20 564023] sendRequest.INFO: Response: int(123)  [] []
[2018-12-23 10:19:25 103118] sendRequest.INFO: ||=========== Logger Requests ===========|| [] []
[2018-12-23 10:19:25 105126] sendRequest.INFO: Method: POST [] []
[2018-12-23 10:19:25 105617] sendRequest.INFO: Request: http://vegitozenn.io/ApiPosts/createControllers/create {"params":"{\"title\" : \"123\"}"} []
[2018-12-23 10:19:25 105996] sendRequest.INFO: Response: {"result":1,"desc":"success!"} [] []
